{
  "uid" : "c4afbcbf8466d488",
  "name" : "test_search_clusterUI[items0]",
  "fullName" : "test_case.calculate_module.cserver_module.test_serverpage.TestSearchUI#test_search_clusterUI",
  "historyId" : "8d0a59507e600e0df6726922f1441934",
  "time" : {
    "start" : 1630295734276,
    "stop" : 1630295734333,
    "duration" : 57
  },
  "status" : "broken",
  "statusMessage" : "selenium.common.exceptions.NoSuchElementException: Message: no such element: Unable to locate element: {\"method\":\"xpath\",\"selector\":\"//*[@id=\"navBar_item_计算_content\"]\"}\n  (Session info: chrome=92.0.4515.159)",
  "statusTrace" : "self = <TopHC.test_case.calculate_module.cserver_module.test_serverpage.TestSearchUI object at 0x0000028030812490>\nitems = {'cluster1': 'host3223-cvm3323', 'cluster2': 'host3222-cvm3322'}\n\n    @allure.testcase(TEST_CASE_LINK, '登录测试用例001的id')\n    # --allure-link-pattern=issue:https://www.baidu.com/{}  #对应的TD链接\n    @allure.issue('59561', '登录测试用例001的对应的bug')  # bugID，传入上面的括号里\n    @allure.story('集群目录结构信息校验')  #对模块子功能进行标注\n    @pytest.mark.parametrize(\"items\", YamlUtil.loadyaml(r\"D:\\WorkTools\\PyProjects\\TopHC\\test_case\\calculate_module\\cserver_module\\test_search_text1.yaml\"))\n    def test_search_clusterUI(self, items):\n        with allure.step('前置条件：\\n1、测试环境存在集群cluster1、cluster2;\\n2、存在租户zh1, 已添加cluster1、cluster2下的资源池\\n3、租户zh1在cluster1、cluster2下分别存在云服务器vm1、vm2'):\n            pass\n        with allure.step('操作步骤：\\n1、登录企业云系统当前租户选择zh1\\n2、进入计算 - -云服务器首页\\n3、检查集群信息列表'):\n>           tt = self.main.goto_serverpage().search_clustersUI()\n\n..\\test_case\\calculate_module\\cserver_module\\test_serverpage.py:44: \n_ _ _ _ _ _ _ _ _ _ _ _ _ _ _ _ _ _ _ _ _ _ _ _ _ _ _ _ _ _ _ _ _ _ _ _ _ _ _ _\n..\\base\\main.py:37: in goto_serverpage\n    self.goto_cal_cserver()       # 先调用入口方法进入云服务器模块\n..\\base\\main.py:32: in goto_cal_cserver\n    return Cal_Cservice(self._driver).goto_cal_cserver()\n..\\page_object\\calculate_module\\cserver_module\\goto_calculator_cservice.py:9: in goto_cal_cserver\n    element = self.find(By.XPATH, '//*[@id=\"navBar_item_计算_content\"]')\n..\\base\\basepage.py:43: in find\n    return self._driver.find_element(*loc)  # 可传入任何一种定位方式\n..\\..\\venv\\lib\\site-packages\\selenium\\webdriver\\remote\\webdriver.py:976: in find_element\n    return self.execute(Command.FIND_ELEMENT, {\n..\\..\\venv\\lib\\site-packages\\selenium\\webdriver\\remote\\webdriver.py:321: in execute\n    self.error_handler.check_response(response)\n_ _ _ _ _ _ _ _ _ _ _ _ _ _ _ _ _ _ _ _ _ _ _ _ _ _ _ _ _ _ _ _ _ _ _ _ _ _ _ _\n\nself = <selenium.webdriver.remote.errorhandler.ErrorHandler object at 0x0000028030B5B3D0>\nresponse = {'status': 404, 'value': '{\"value\":{\"error\":\"no such element\",\"message\":\"no such element: Unable to locate element: {\\...\\n\\\\tRtlGetAppContainerNamedObjectPath [0x76EC7A7E+286]\\\\n\\\\tRtlGetAppContainerNamedObjectPath [0x76EC7A4E+238]\\\\n\"}}'}\n\n    def check_response(self, response):\n        \"\"\"\n        Checks that a JSON response from the WebDriver does not have an error.\n    \n        :Args:\n         - response - The JSON response from the WebDriver server as a dictionary\n           object.\n    \n        :Raises: If the response contains an error message.\n        \"\"\"\n        status = response.get('status', None)\n        if status is None or status == ErrorCode.SUCCESS:\n            return\n        value = None\n        message = response.get(\"message\", \"\")\n        screen = response.get(\"screen\", \"\")\n        stacktrace = None\n        if isinstance(status, int):\n            value_json = response.get('value', None)\n            if value_json and isinstance(value_json, basestring):\n                import json\n                try:\n                    value = json.loads(value_json)\n                    if len(value.keys()) == 1:\n                        value = value['value']\n                    status = value.get('error', None)\n                    if status is None:\n                        status = value[\"status\"]\n                        message = value[\"value\"]\n                        if not isinstance(message, basestring):\n                            value = message\n                            message = message.get('message')\n                    else:\n                        message = value.get('message', None)\n                except ValueError:\n                    pass\n    \n        exception_class = ErrorInResponseException\n        if status in ErrorCode.NO_SUCH_ELEMENT:\n            exception_class = NoSuchElementException\n        elif status in ErrorCode.NO_SUCH_FRAME:\n            exception_class = NoSuchFrameException\n        elif status in ErrorCode.NO_SUCH_WINDOW:\n            exception_class = NoSuchWindowException\n        elif status in ErrorCode.STALE_ELEMENT_REFERENCE:\n            exception_class = StaleElementReferenceException\n        elif status in ErrorCode.ELEMENT_NOT_VISIBLE:\n            exception_class = ElementNotVisibleException\n        elif status in ErrorCode.INVALID_ELEMENT_STATE:\n            exception_class = InvalidElementStateException\n        elif status in ErrorCode.INVALID_SELECTOR \\\n                or status in ErrorCode.INVALID_XPATH_SELECTOR \\\n                or status in ErrorCode.INVALID_XPATH_SELECTOR_RETURN_TYPER:\n            exception_class = InvalidSelectorException\n        elif status in ErrorCode.ELEMENT_IS_NOT_SELECTABLE:\n            exception_class = ElementNotSelectableException\n        elif status in ErrorCode.ELEMENT_NOT_INTERACTABLE:\n            exception_class = ElementNotInteractableException\n        elif status in ErrorCode.INVALID_COOKIE_DOMAIN:\n            exception_class = InvalidCookieDomainException\n        elif status in ErrorCode.UNABLE_TO_SET_COOKIE:\n            exception_class = UnableToSetCookieException\n        elif status in ErrorCode.TIMEOUT:\n            exception_class = TimeoutException\n        elif status in ErrorCode.SCRIPT_TIMEOUT:\n            exception_class = TimeoutException\n        elif status in ErrorCode.UNKNOWN_ERROR:\n            exception_class = WebDriverException\n        elif status in ErrorCode.UNEXPECTED_ALERT_OPEN:\n            exception_class = UnexpectedAlertPresentException\n        elif status in ErrorCode.NO_ALERT_OPEN:\n            exception_class = NoAlertPresentException\n        elif status in ErrorCode.IME_NOT_AVAILABLE:\n            exception_class = ImeNotAvailableException\n        elif status in ErrorCode.IME_ENGINE_ACTIVATION_FAILED:\n            exception_class = ImeActivationFailedException\n        elif status in ErrorCode.MOVE_TARGET_OUT_OF_BOUNDS:\n            exception_class = MoveTargetOutOfBoundsException\n        elif status in ErrorCode.JAVASCRIPT_ERROR:\n            exception_class = JavascriptException\n        elif status in ErrorCode.SESSION_NOT_CREATED:\n            exception_class = SessionNotCreatedException\n        elif status in ErrorCode.INVALID_ARGUMENT:\n            exception_class = InvalidArgumentException\n        elif status in ErrorCode.NO_SUCH_COOKIE:\n            exception_class = NoSuchCookieException\n        elif status in ErrorCode.UNABLE_TO_CAPTURE_SCREEN:\n            exception_class = ScreenshotException\n        elif status in ErrorCode.ELEMENT_CLICK_INTERCEPTED:\n            exception_class = ElementClickInterceptedException\n        elif status in ErrorCode.INSECURE_CERTIFICATE:\n            exception_class = InsecureCertificateException\n        elif status in ErrorCode.INVALID_COORDINATES:\n            exception_class = InvalidCoordinatesException\n        elif status in ErrorCode.INVALID_SESSION_ID:\n            exception_class = InvalidSessionIdException\n        elif status in ErrorCode.UNKNOWN_METHOD:\n            exception_class = UnknownMethodException\n        else:\n            exception_class = WebDriverException\n        if value == '' or value is None:\n            value = response['value']\n        if isinstance(value, basestring):\n            if exception_class == ErrorInResponseException:\n                raise exception_class(response, value)\n            raise exception_class(value)\n        if message == \"\" and 'message' in value:\n            message = value['message']\n    \n        screen = None\n        if 'screen' in value:\n            screen = value['screen']\n    \n        stacktrace = None\n        if 'stackTrace' in value and value['stackTrace']:\n            stacktrace = []\n            try:\n                for frame in value['stackTrace']:\n                    line = self._value_or_default(frame, 'lineNumber', '')\n                    file = self._value_or_default(frame, 'fileName', '<anonymous>')\n                    if line:\n                        file = \"%s:%s\" % (file, line)\n                    meth = self._value_or_default(frame, 'methodName', '<anonymous>')\n                    if 'className' in frame:\n                        meth = \"%s.%s\" % (frame['className'], meth)\n                    msg = \"    at %s (%s)\"\n                    msg = msg % (meth, file)\n                    stacktrace.append(msg)\n            except TypeError:\n                pass\n        if exception_class == ErrorInResponseException:\n            raise exception_class(response, message)\n        elif exception_class == UnexpectedAlertPresentException:\n            alert_text = None\n            if 'data' in value:\n                alert_text = value['data'].get('text')\n            elif 'alert' in value:\n                alert_text = value['alert'].get('text')\n            raise exception_class(message, screen, stacktrace, alert_text)\n>       raise exception_class(message, screen, stacktrace)\nE       selenium.common.exceptions.NoSuchElementException: Message: no such element: Unable to locate element: {\"method\":\"xpath\",\"selector\":\"//*[@id=\"navBar_item_计算_content\"]\"}\nE         (Session info: chrome=92.0.4515.159)\n\n..\\..\\venv\\lib\\site-packages\\selenium\\webdriver\\remote\\errorhandler.py:242: NoSuchElementException",
  "flaky" : false,
  "newFailed" : false,
  "beforeStages" : [ ],
  "testStage" : {
    "status" : "broken",
    "statusMessage" : "selenium.common.exceptions.NoSuchElementException: Message: no such element: Unable to locate element: {\"method\":\"xpath\",\"selector\":\"//*[@id=\"navBar_item_计算_content\"]\"}\n  (Session info: chrome=92.0.4515.159)",
    "statusTrace" : "self = <TopHC.test_case.calculate_module.cserver_module.test_serverpage.TestSearchUI object at 0x0000028030812490>\nitems = {'cluster1': 'host3223-cvm3323', 'cluster2': 'host3222-cvm3322'}\n\n    @allure.testcase(TEST_CASE_LINK, '登录测试用例001的id')\n    # --allure-link-pattern=issue:https://www.baidu.com/{}  #对应的TD链接\n    @allure.issue('59561', '登录测试用例001的对应的bug')  # bugID，传入上面的括号里\n    @allure.story('集群目录结构信息校验')  #对模块子功能进行标注\n    @pytest.mark.parametrize(\"items\", YamlUtil.loadyaml(r\"D:\\WorkTools\\PyProjects\\TopHC\\test_case\\calculate_module\\cserver_module\\test_search_text1.yaml\"))\n    def test_search_clusterUI(self, items):\n        with allure.step('前置条件：\\n1、测试环境存在集群cluster1、cluster2;\\n2、存在租户zh1, 已添加cluster1、cluster2下的资源池\\n3、租户zh1在cluster1、cluster2下分别存在云服务器vm1、vm2'):\n            pass\n        with allure.step('操作步骤：\\n1、登录企业云系统当前租户选择zh1\\n2、进入计算 - -云服务器首页\\n3、检查集群信息列表'):\n>           tt = self.main.goto_serverpage().search_clustersUI()\n\n..\\test_case\\calculate_module\\cserver_module\\test_serverpage.py:44: \n_ _ _ _ _ _ _ _ _ _ _ _ _ _ _ _ _ _ _ _ _ _ _ _ _ _ _ _ _ _ _ _ _ _ _ _ _ _ _ _\n..\\base\\main.py:37: in goto_serverpage\n    self.goto_cal_cserver()       # 先调用入口方法进入云服务器模块\n..\\base\\main.py:32: in goto_cal_cserver\n    return Cal_Cservice(self._driver).goto_cal_cserver()\n..\\page_object\\calculate_module\\cserver_module\\goto_calculator_cservice.py:9: in goto_cal_cserver\n    element = self.find(By.XPATH, '//*[@id=\"navBar_item_计算_content\"]')\n..\\base\\basepage.py:43: in find\n    return self._driver.find_element(*loc)  # 可传入任何一种定位方式\n..\\..\\venv\\lib\\site-packages\\selenium\\webdriver\\remote\\webdriver.py:976: in find_element\n    return self.execute(Command.FIND_ELEMENT, {\n..\\..\\venv\\lib\\site-packages\\selenium\\webdriver\\remote\\webdriver.py:321: in execute\n    self.error_handler.check_response(response)\n_ _ _ _ _ _ _ _ _ _ _ _ _ _ _ _ _ _ _ _ _ _ _ _ _ _ _ _ _ _ _ _ _ _ _ _ _ _ _ _\n\nself = <selenium.webdriver.remote.errorhandler.ErrorHandler object at 0x0000028030B5B3D0>\nresponse = {'status': 404, 'value': '{\"value\":{\"error\":\"no such element\",\"message\":\"no such element: Unable to locate element: {\\...\\n\\\\tRtlGetAppContainerNamedObjectPath [0x76EC7A7E+286]\\\\n\\\\tRtlGetAppContainerNamedObjectPath [0x76EC7A4E+238]\\\\n\"}}'}\n\n    def check_response(self, response):\n        \"\"\"\n        Checks that a JSON response from the WebDriver does not have an error.\n    \n        :Args:\n         - response - The JSON response from the WebDriver server as a dictionary\n           object.\n    \n        :Raises: If the response contains an error message.\n        \"\"\"\n        status = response.get('status', None)\n        if status is None or status == ErrorCode.SUCCESS:\n            return\n        value = None\n        message = response.get(\"message\", \"\")\n        screen = response.get(\"screen\", \"\")\n        stacktrace = None\n        if isinstance(status, int):\n            value_json = response.get('value', None)\n            if value_json and isinstance(value_json, basestring):\n                import json\n                try:\n                    value = json.loads(value_json)\n                    if len(value.keys()) == 1:\n                        value = value['value']\n                    status = value.get('error', None)\n                    if status is None:\n                        status = value[\"status\"]\n                        message = value[\"value\"]\n                        if not isinstance(message, basestring):\n                            value = message\n                            message = message.get('message')\n                    else:\n                        message = value.get('message', None)\n                except ValueError:\n                    pass\n    \n        exception_class = ErrorInResponseException\n        if status in ErrorCode.NO_SUCH_ELEMENT:\n            exception_class = NoSuchElementException\n        elif status in ErrorCode.NO_SUCH_FRAME:\n            exception_class = NoSuchFrameException\n        elif status in ErrorCode.NO_SUCH_WINDOW:\n            exception_class = NoSuchWindowException\n        elif status in ErrorCode.STALE_ELEMENT_REFERENCE:\n            exception_class = StaleElementReferenceException\n        elif status in ErrorCode.ELEMENT_NOT_VISIBLE:\n            exception_class = ElementNotVisibleException\n        elif status in ErrorCode.INVALID_ELEMENT_STATE:\n            exception_class = InvalidElementStateException\n        elif status in ErrorCode.INVALID_SELECTOR \\\n                or status in ErrorCode.INVALID_XPATH_SELECTOR \\\n                or status in ErrorCode.INVALID_XPATH_SELECTOR_RETURN_TYPER:\n            exception_class = InvalidSelectorException\n        elif status in ErrorCode.ELEMENT_IS_NOT_SELECTABLE:\n            exception_class = ElementNotSelectableException\n        elif status in ErrorCode.ELEMENT_NOT_INTERACTABLE:\n            exception_class = ElementNotInteractableException\n        elif status in ErrorCode.INVALID_COOKIE_DOMAIN:\n            exception_class = InvalidCookieDomainException\n        elif status in ErrorCode.UNABLE_TO_SET_COOKIE:\n            exception_class = UnableToSetCookieException\n        elif status in ErrorCode.TIMEOUT:\n            exception_class = TimeoutException\n        elif status in ErrorCode.SCRIPT_TIMEOUT:\n            exception_class = TimeoutException\n        elif status in ErrorCode.UNKNOWN_ERROR:\n            exception_class = WebDriverException\n        elif status in ErrorCode.UNEXPECTED_ALERT_OPEN:\n            exception_class = UnexpectedAlertPresentException\n        elif status in ErrorCode.NO_ALERT_OPEN:\n            exception_class = NoAlertPresentException\n        elif status in ErrorCode.IME_NOT_AVAILABLE:\n            exception_class = ImeNotAvailableException\n        elif status in ErrorCode.IME_ENGINE_ACTIVATION_FAILED:\n            exception_class = ImeActivationFailedException\n        elif status in ErrorCode.MOVE_TARGET_OUT_OF_BOUNDS:\n            exception_class = MoveTargetOutOfBoundsException\n        elif status in ErrorCode.JAVASCRIPT_ERROR:\n            exception_class = JavascriptException\n        elif status in ErrorCode.SESSION_NOT_CREATED:\n            exception_class = SessionNotCreatedException\n        elif status in ErrorCode.INVALID_ARGUMENT:\n            exception_class = InvalidArgumentException\n        elif status in ErrorCode.NO_SUCH_COOKIE:\n            exception_class = NoSuchCookieException\n        elif status in ErrorCode.UNABLE_TO_CAPTURE_SCREEN:\n            exception_class = ScreenshotException\n        elif status in ErrorCode.ELEMENT_CLICK_INTERCEPTED:\n            exception_class = ElementClickInterceptedException\n        elif status in ErrorCode.INSECURE_CERTIFICATE:\n            exception_class = InsecureCertificateException\n        elif status in ErrorCode.INVALID_COORDINATES:\n            exception_class = InvalidCoordinatesException\n        elif status in ErrorCode.INVALID_SESSION_ID:\n            exception_class = InvalidSessionIdException\n        elif status in ErrorCode.UNKNOWN_METHOD:\n            exception_class = UnknownMethodException\n        else:\n            exception_class = WebDriverException\n        if value == '' or value is None:\n            value = response['value']\n        if isinstance(value, basestring):\n            if exception_class == ErrorInResponseException:\n                raise exception_class(response, value)\n            raise exception_class(value)\n        if message == \"\" and 'message' in value:\n            message = value['message']\n    \n        screen = None\n        if 'screen' in value:\n            screen = value['screen']\n    \n        stacktrace = None\n        if 'stackTrace' in value and value['stackTrace']:\n            stacktrace = []\n            try:\n                for frame in value['stackTrace']:\n                    line = self._value_or_default(frame, 'lineNumber', '')\n                    file = self._value_or_default(frame, 'fileName', '<anonymous>')\n                    if line:\n                        file = \"%s:%s\" % (file, line)\n                    meth = self._value_or_default(frame, 'methodName', '<anonymous>')\n                    if 'className' in frame:\n                        meth = \"%s.%s\" % (frame['className'], meth)\n                    msg = \"    at %s (%s)\"\n                    msg = msg % (meth, file)\n                    stacktrace.append(msg)\n            except TypeError:\n                pass\n        if exception_class == ErrorInResponseException:\n            raise exception_class(response, message)\n        elif exception_class == UnexpectedAlertPresentException:\n            alert_text = None\n            if 'data' in value:\n                alert_text = value['data'].get('text')\n            elif 'alert' in value:\n                alert_text = value['alert'].get('text')\n            raise exception_class(message, screen, stacktrace, alert_text)\n>       raise exception_class(message, screen, stacktrace)\nE       selenium.common.exceptions.NoSuchElementException: Message: no such element: Unable to locate element: {\"method\":\"xpath\",\"selector\":\"//*[@id=\"navBar_item_计算_content\"]\"}\nE         (Session info: chrome=92.0.4515.159)\n\n..\\..\\venv\\lib\\site-packages\\selenium\\webdriver\\remote\\errorhandler.py:242: NoSuchElementException",
    "steps" : [ {
      "name" : "前置条件：\n1、测试环境存在集群cluster1、cluster2;\n2、存在租户zh1, 已添加cluster1、cluster2下的资源池\n3、租户zh1在cluster1、cluster2下分别存在云服务器vm1、vm2",
      "time" : {
        "start" : 1630295734276,
        "stop" : 1630295734276,
        "duration" : 0
      },
      "status" : "passed",
      "steps" : [ ],
      "attachments" : [ ],
      "parameters" : [ ],
      "hasContent" : false,
      "stepsCount" : 0,
      "attachmentsCount" : 0,
      "shouldDisplayMessage" : false
    }, {
      "name" : "操作步骤：\n1、登录企业云系统当前租户选择zh1\n2、进入计算 - -云服务器首页\n3、检查集群信息列表",
      "time" : {
        "start" : 1630295734276,
        "stop" : 1630295734289,
        "duration" : 13
      },
      "status" : "broken",
      "statusMessage" : "selenium.common.exceptions.NoSuchElementException: Message: no such element: Unable to locate element: {\"method\":\"xpath\",\"selector\":\"//*[@id=\"navBar_item_计算_content\"]\"}\n  (Session info: chrome=92.0.4515.159)\n\n",
      "statusTrace" : "  File \"D:\\WorkTools\\PyProjects\\TopHC\\test_case\\calculate_module\\cserver_module\\test_serverpage.py\", line 44, in test_search_clusterUI\n    tt = self.main.goto_serverpage().search_clustersUI()\n  File \"D:\\WorkTools\\PyProjects\\TopHC\\base\\main.py\", line 37, in goto_serverpage\n    self.goto_cal_cserver()       # 先调用入口方法进入云服务器模块\n  File \"D:\\WorkTools\\PyProjects\\TopHC\\base\\main.py\", line 32, in goto_cal_cserver\n    return Cal_Cservice(self._driver).goto_cal_cserver()\n  File \"D:\\WorkTools\\PyProjects\\TopHC\\page_object\\calculate_module\\cserver_module\\goto_calculator_cservice.py\", line 9, in goto_cal_cserver\n    element = self.find(By.XPATH, '//*[@id=\"navBar_item_计算_content\"]')\n  File \"D:\\WorkTools\\PyProjects\\TopHC\\base\\basepage.py\", line 43, in find\n    return self._driver.find_element(*loc)  # 可传入任何一种定位方式\n  File \"D:\\WorkTools\\PyProjects\\venv\\lib\\site-packages\\selenium\\webdriver\\remote\\webdriver.py\", line 976, in find_element\n    return self.execute(Command.FIND_ELEMENT, {\n  File \"D:\\WorkTools\\PyProjects\\venv\\lib\\site-packages\\selenium\\webdriver\\remote\\webdriver.py\", line 321, in execute\n    self.error_handler.check_response(response)\n  File \"D:\\WorkTools\\PyProjects\\venv\\lib\\site-packages\\selenium\\webdriver\\remote\\errorhandler.py\", line 242, in check_response\n    raise exception_class(message, screen, stacktrace)\n",
      "steps" : [ ],
      "attachments" : [ ],
      "parameters" : [ ],
      "hasContent" : true,
      "stepsCount" : 0,
      "attachmentsCount" : 0,
      "shouldDisplayMessage" : true
    } ],
    "attachments" : [ ],
    "parameters" : [ ],
    "hasContent" : true,
    "stepsCount" : 2,
    "attachmentsCount" : 0,
    "shouldDisplayMessage" : true
  },
  "afterStages" : [ ],
  "labels" : [ {
    "name" : "feature",
    "value" : "计算-->云服务器模块"
  }, {
    "name" : "story",
    "value" : "云服务器子模块"
  }, {
    "name" : "story",
    "value" : "集群目录结构信息校验"
  }, {
    "name" : "parentSuite",
    "value" : "test_case.calculate_module.cserver_module"
  }, {
    "name" : "suite",
    "value" : "test_serverpage"
  }, {
    "name" : "subSuite",
    "value" : "TestSearchUI"
  }, {
    "name" : "host",
    "value" : "DESKTOP-SKQ5DMP"
  }, {
    "name" : "thread",
    "value" : "7144-MainThread"
  }, {
    "name" : "framework",
    "value" : "pytest"
  }, {
    "name" : "language",
    "value" : "cpython3"
  }, {
    "name" : "package",
    "value" : "test_case.calculate_module.cserver_module.test_serverpage"
  }, {
    "name" : "resultFormat",
    "value" : "allure2"
  } ],
  "parameters" : [ {
    "name" : "items",
    "value" : "{'cluster1': 'host3223-cvm3323', 'cluster2': 'host3222-cvm3322'}"
  } ],
  "links" : [ {
    "name" : "登录测试用例001的对应的bug",
    "url" : "59561",
    "type" : "issue"
  }, {
    "name" : "登录测试用例001的id",
    "url" : "https://www.baidu.com/",
    "type" : "test_case"
  } ],
  "hidden" : false,
  "retry" : false,
  "extra" : {
    "severity" : "normal",
    "retries" : [ {
      "uid" : "68a50cb3ca9ea228",
      "status" : "passed",
      "time" : {
        "start" : 1630249294340,
        "stop" : 1630249295934,
        "duration" : 1594
      }
    }, {
      "uid" : "fbb3851d7c88d5f1",
      "status" : "broken",
      "statusDetails" : "selenium.common.exceptions.ElementNotInteractableException: Message: element not interactable\n  (Session info: chrome=92.0.4515.159)",
      "time" : {
        "start" : 1630249260155,
        "stop" : 1630249265476,
        "duration" : 5321
      }
    }, {
      "uid" : "d80641d42c1a24b6",
      "status" : "passed",
      "time" : {
        "start" : 1630248583844,
        "stop" : 1630248585524,
        "duration" : 1680
      }
    }, {
      "uid" : "898c81bb0d07b6a9",
      "status" : "broken",
      "statusDetails" : "selenium.common.exceptions.ElementNotInteractableException: Message: element not interactable\n  (Session info: chrome=92.0.4515.159)",
      "time" : {
        "start" : 1630248526848,
        "stop" : 1630248532191,
        "duration" : 5343
      }
    }, {
      "uid" : "f14e4b01b165639f",
      "status" : "passed",
      "time" : {
        "start" : 1630247978277,
        "stop" : 1630247979974,
        "duration" : 1697
      }
    }, {
      "uid" : "c52fbbcc0c8d3fc5",
      "status" : "broken",
      "statusDetails" : "selenium.common.exceptions.ElementNotInteractableException: Message: element not interactable\n  (Session info: chrome=92.0.4515.159)",
      "time" : {
        "start" : 1630247941496,
        "stop" : 1630247946857,
        "duration" : 5361
      }
    }, {
      "uid" : "a0b3b95144d87710",
      "status" : "passed",
      "time" : {
        "start" : 1630245273210,
        "stop" : 1630245274841,
        "duration" : 1631
      }
    }, {
      "uid" : "5f4ca00fb6547a",
      "status" : "passed",
      "time" : {
        "start" : 1630236605197,
        "stop" : 1630236607047,
        "duration" : 1850
      }
    }, {
      "uid" : "4aee454f493bb24a",
      "status" : "passed",
      "time" : {
        "start" : 1630236332496,
        "stop" : 1630236334445,
        "duration" : 1949
      }
    }, {
      "uid" : "237bce394bcc5560",
      "status" : "passed",
      "time" : {
        "start" : 1630236238081,
        "stop" : 1630236239918,
        "duration" : 1837
      }
    }, {
      "uid" : "59e213c7204c5820",
      "status" : "passed",
      "time" : {
        "start" : 1630236101050,
        "stop" : 1630236102652,
        "duration" : 1602
      }
    }, {
      "uid" : "7fbcab2edd9d71b9",
      "status" : "broken",
      "statusDetails" : "selenium.common.exceptions.NoSuchElementException: Message: no such element: Unable to locate element: {\"method\":\"xpath\",\"selector\":\"//*[@id=\"navBar_item_计算_content\"]\"}\n  (Session info: chrome=92.0.4515.159)",
      "time" : {
        "start" : 1630236062745,
        "stop" : 1630236062757,
        "duration" : 12
      }
    }, {
      "uid" : "5a5bc87fe29dbf68",
      "status" : "broken",
      "statusDetails" : "selenium.common.exceptions.ElementNotInteractableException: Message: element not interactable\n  (Session info: chrome=92.0.4515.159)",
      "time" : {
        "start" : 1630236028242,
        "stop" : 1630236033757,
        "duration" : 5515
      }
    }, {
      "uid" : "c3bbabb4edeabb54",
      "status" : "passed",
      "time" : {
        "start" : 1630235776669,
        "stop" : 1630235778311,
        "duration" : 1642
      }
    }, {
      "uid" : "d9f6df3ff1dc56a2",
      "status" : "broken",
      "statusDetails" : "selenium.common.exceptions.ElementNotInteractableException: Message: element not interactable\n  (Session info: chrome=92.0.4515.159)",
      "time" : {
        "start" : 1630235729744,
        "stop" : 1630235733369,
        "duration" : 3625
      }
    }, {
      "uid" : "194a4c88435a24ec",
      "status" : "broken",
      "statusDetails" : "selenium.common.exceptions.NoSuchElementException: Message: no such element: Unable to locate element: {\"method\":\"xpath\",\"selector\":\"//*[@id=\"navBar_item_计算_content\"]\"}\n  (Session info: chrome=92.0.4515.159)",
      "time" : {
        "start" : 1630235663751,
        "stop" : 1630235663767,
        "duration" : 16
      }
    }, {
      "uid" : "d81d030973184f",
      "status" : "broken",
      "statusDetails" : "selenium.common.exceptions.ElementNotInteractableException: Message: element not interactable\n  (Session info: chrome=92.0.4515.159)",
      "time" : {
        "start" : 1630235597377,
        "stop" : 1630235602718,
        "duration" : 5341
      }
    } ],
    "categories" : [ {
      "name" : "Test defects",
      "matchedStatuses" : [ ],
      "flaky" : false
    } ],
    "tags" : [ ]
  },
  "source" : "c4afbcbf8466d488.json",
  "parameterValues" : [ "{'cluster1': 'host3223-cvm3323', 'cluster2': 'host3222-cvm3322'}" ]
}